<?xml version="1.0" encoding="UTF-8" ?>
<NETWORK xmlns="http://www.opentrafficsim.org/ots" xmlns:ots="http://www.opentrafficsim.org/ots" xmlns:xsi="http://www.w3.org/2001/XMLSchema-instance" xsi:schemaLocation="http://www.opentrafficsim.org/ots http://www.opentrafficsim.org/docs/ots-network.xsd" xmlns:xi="http://www.w3.org/2001/XInclude">

<DEFINITIONS>
<GLOBAL />

<GTUTYPE NAME="CAR" />
<GTU NAME="CAR" GTUTYPE="CAR" LENGTH="UNIF(3, 4) m" WIDTH="UNIF(1.7, 2) m" MAXSPEED="CONST(120) km/h" />

<ROADTYPE NAME="HIGHWAY" DEFAULTLANEWIDTH="3.5m" DEFAULTLANEKEEPING="KEEPLANE" 	DEFAULTOVERTAKING="NONE">
	<SPEEDLIMIT GTUTYPE="CAR" LEGALSPEEDLIMIT="140.0 km/h"/>
</ROADTYPE>

<ROADLAYOUT NAME="RT_1ln_3m_50km/h" ROADTYPE ="HIGHWAY">
	<STRIPE TYPE="SOLID" OFFSET="0m" />
	<LANE NAME="A1" TYPE="HIGHWAY" DIRECTION="FORWARD" WIDTH="3m" SPEED="50km/h" OFFSET="-1.5m" />
	<STRIPE TYPE="SOLID" OFFSET="-3m" />
</ROADLAYOUT>

<ROADLAYOUT NAME="RT_2ln_3m_50km/h" ROADTYPE ="HIGHWAY">
	<STRIPE TYPE="SOLID" OFFSET="0m" />
	<LANE NAME="A1" TYPE="HIGHWAY" DIRECTION="FORWARD" WIDTH="3m" SPEED="50km/h" OFFSET="-1.5m" />
	<STRIPE TYPE="DASHED" OFFSET="-3m" />
	<LANE NAME="A2" TYPE="HIGHWAY" DIRECTION="FORWARD" WIDTH="3m" SPEED="50km/h" OFFSET="-4.5m"/>
	<STRIPE TYPE="SOLID" OFFSET="-6m" />
</ROADLAYOUT>

<ROADLAYOUT NAME="RT_3ln_3m_50km/h" ROADTYPE ="HIGHWAY">
	<STRIPE TYPE="SOLID" OFFSET="0m" />
	<LANE NAME="A1" TYPE="HIGHWAY" DIRECTION="FORWARD" WIDTH="3m" SPEED="50km/h" OFFSET="-1.5m" />
	<STRIPE TYPE="DASHED" OFFSET="-3m" />
	<LANE NAME="A2" TYPE="HIGHWAY" DIRECTION="FORWARD" WIDTH="3m" SPEED="50km/h" OFFSET="-4.5m"/>
	<STRIPE TYPE="DASHED" OFFSET="-6m" />
	<LANE NAME="A3" TYPE="HIGHWAY" DIRECTION="FORWARD" WIDTH="3m" SPEED="50km/h" OFFSET="-7.5m" />
	<STRIPE TYPE="SOLID" OFFSET="-9m" />
</ROADLAYOUT>

<ROADLAYOUT NAME="RT_4ln_3m_50km/h" ROADTYPE ="HIGHWAY">
	<STRIPE TYPE="SOLID" OFFSET="0m" />
	<LANE NAME="A1" TYPE="HIGHWAY" DIRECTION="FORWARD" WIDTH="3m" SPEED="50km/h" OFFSET="-1.5m" />
	<STRIPE TYPE="DASHED" OFFSET="-3m" />
	<LANE NAME="A2" TYPE="HIGHWAY" DIRECTION="FORWARD" WIDTH="3m" SPEED="50km/h" OFFSET="-4.5m"/>
	<STRIPE TYPE="DASHED" OFFSET="-6m" />
	<LANE NAME="A3" TYPE="HIGHWAY" DIRECTION="FORWARD" WIDTH="3m" SPEED="50km/h" OFFSET="-7.5m" />
	<STRIPE TYPE="DASHED" OFFSET="-9m" />
	<LANE NAME="A4" TYPE="HIGHWAY" DIRECTION="FORWARD" WIDTH="3m" SPEED="50km/h" OFFSET="-10.5m" />
	<STRIPE TYPE="SOLID" OFFSET="-12m" />
</ROADLAYOUT>

</DEFINITIONS>

<NODE NAME="N_A1a" COORDINATE="(-400, -9)" />
<NODE NAME="N_A2a" COORDINATE="(-200, -9)" />
<NODE NAME="N_A3a" COORDINATE="(-25, -9)" />

<NODE NAME="N_B1a" COORDINATE="(9, -400)" />
<NODE NAME="N_B2a" COORDINATE="(9, -200)" />
<NODE NAME="N_B3a" COORDINATE="(9, -25)" />

<NODE NAME="N_C3a" COORDINATE="(25, -9)" />
//<NODE NAME="N_C1a" COORDINATE="(400, -9)" />

<NODE NAME="N_D3a" COORDINATE="(9, 25)" />
<NODE NAME="N_D1a" COORDINATE="(9, 400)" />


<NODE NAME="N_A3b" COORDINATE="(-25, 9)" />
<NODE NAME="N_A1b" COORDINATE="(-400, 9)" />

<NODE NAME="N_B3b" COORDINATE="(-9, -25)" />
<NODE NAME="N_B1b" COORDINATE="(-9, -400)" />

//<NODE NAME="N_C1b" COORDINATE="(400, 9)" />
<NODE NAME="N_C2b" COORDINATE="(200, 9)" />
<NODE NAME="N_C3b" COORDINATE="(25, 9)" />

<NODE NAME="N_D1b" COORDINATE="(-9, 400)" />
<NODE NAME="N_D2b" COORDINATE="(-9, 200)" />
<NODE NAME="N_D3b" COORDINATE="(-9, 25)" />



//KRUISPUNT RECHTS
//<NODE NAME="N_E1a" COORDINATE="(400, -9)" />
<NODE NAME="N_E2a" COORDINATE="(600, -9)" />
<NODE NAME="N_E3a" COORDINATE="(775, -9)" />

<NODE NAME="N_F1a" COORDINATE="(809, -400)" />
<NODE NAME="N_F2a" COORDINATE="(809, -200)" />
<NODE NAME="N_F3a" COORDINATE="(809, -25)" />

<NODE NAME="N_G3a" COORDINATE="(825, -9)" />
<NODE NAME="N_G1a" COORDINATE="(1200, -9)" />

<NODE NAME="N_H3a" COORDINATE="(809, 25)" />
<NODE NAME="N_H1a" COORDINATE="(809, 400)" />


<NODE NAME="N_E3b" COORDINATE="(775, 9)" />
//<NODE NAME="N_E1b" COORDINATE="(400, 9)" />

<NODE NAME="N_F3b" COORDINATE="(791, -25)" />
<NODE NAME="N_F1b" COORDINATE="(791, -400)" />

<NODE NAME="N_G1b" COORDINATE="(1200, 9)" />
<NODE NAME="N_G2b" COORDINATE="(1000, 9)" />
<NODE NAME="N_G3b" COORDINATE="(825, 9)" />

<NODE NAME="N_H1b" COORDINATE="(791, 400)" />
<NODE NAME="N_H2b" COORDINATE="(791, 200)" />
<NODE NAME="N_H3b" COORDINATE="(791, 25)" />


// TOEVOERLINKS
	// A
	<LINK NAME="L_A1a-A2a" NODESTART="N_A1a" NODEEND="N_A2a" ROADLAYOUT="RT_1ln_3m_50km/h">
		<STRAIGHT />
	</LINK>
	<LINK NAME="L_A2a-A3a" NODESTART="N_A2a" NODEEND="N_A3a" ROADLAYOUT="RT_3ln_3m_50km/h" OFFSETSTART="3m" OFFSETEND="3m">
		<STRAIGHT />
	</LINK>
	// B
	<LINK NAME="L_B1a-B2a" NODESTART="N_B1a" NODEEND="N_B2a" ROADLAYOUT="RT_1ln_3m_50km/h">
		<STRAIGHT />
	</LINK>
	<LINK NAME="L_B2a-B3a" NODESTART="N_B2a" NODEEND="N_B3a" ROADLAYOUT="RT_3ln_3m_50km/h" OFFSETSTART="3m" OFFSETEND="3m">
		<STRAIGHT />
	</LINK>
	// C
	<LINK NAME="L_C1b-C2b" NODESTART="N_C1b" NODEEND="N_C2b" ROADLAYOUT="RT_2ln_3m_50km/h">
	<STRAIGHT />
	</LINK>
	<LINK NAME="L_C2b-C3b" NODESTART="N_C2b" NODEEND="N_C3b" ROADLAYOUT="RT_4ln_3m_50km/h" OFFSETSTART="3m" OFFSETEND="3m">
		<STRAIGHT />
	</LINK>
	// D
	<LINK NAME="L_D1b-D2b" NODESTART="N_D1b" NODEEND="N_D2b" ROADLAYOUT="RT_1ln_3m_50km/h">
	<STRAIGHT />
	</LINK>
	<LINK NAME="L_D2b-D3b" NODESTART="N_D2b" NODEEND="N_D3b" ROADLAYOUT="RT_2ln_3m_50km/h" OFFSETSTART="3m" OFFSETEND="3m">
		<STRAIGHT />
	</LINK>

// AFVOERLINKS
	// A
	<LINK NAME="L_A3b-A1b" NODESTART="N_A3b" NODEEND="N_A1b" ROADLAYOUT="RT_2ln_3m_50km/h">
	<STRAIGHT />
	</LINK>
	// B
	<LINK NAME="L_B3b-B1b" NODESTART="N_B3b" NODEEND="N_B1b" ROADLAYOUT="RT_1ln_3m_50km/h">
	<STRAIGHT />
	</LINK>
	// C
	<LINK NAME="L_C3a-E2A" NODESTART="N_C3a" NODEEND="N_E2a" ROADLAYOUT="RT_2ln_3m_50km/h">
	<STRAIGHT />
	</LINK>
	// D
	<LINK NAME="L_D3a-D1a" NODESTART="N_D3a" NODEEND="N_D1a" ROADLAYOUT="RT_1ln_3m_50km/h">
	<STRAIGHT />
	</LINK>


// KRUISPUNTLINKS
	// VAN A
	<LINK NAME="L_A3a-B3b" NODESTART="N_A3a" NODEEND="N_B3b" ROADLAYOUT="RT_1ln_3m_50km/h" OFFSETSTART="-3m">
	<BEZIER />
	</LINK>
	<LINK NAME="L_A3a-C3a" NODESTART="N_A3a" NODEEND="N_C3a" ROADLAYOUT="RT_2ln_3m_50km/h">
	<STRAIGHT />
	</LINK>
	<LINK NAME="L_A3a-D3a" NODESTART="N_A3a" NODEEND="N_D3a" ROADLAYOUT="RT_1ln_3m_50km/h" OFFSETSTART="3m">
	<BEZIER />
	</LINK>
	// VAN D
	<LINK NAME="L_D3b-B3b" NODESTART="N_D3b" NODEEND="N_A3b" ROADLAYOUT="RT_1ln_3m_50km/h" OFFSETEND="-3m">
	<BEZIER />
	</LINK>
	<LINK NAME="L_D3b-C3b" NODESTART="N_D3b" NODEEND="N_B3b" ROADLAYOUT="RT_1ln_3m_50km/h">
	<STRAIGHT />
	</LINK>
	<LINK NAME="L_D3b-D3a" NODESTART="N_D3b" NODEEND="N_C3a" ROADLAYOUT="RT_1ln_3m_50km/h" OFFSETSTART="3m">
	<BEZIER />
	</LINK>
	// VAN C
	<LINK NAME="L_C3b-D3a" NODESTART="N_C3b" NODEEND="N_D3a" ROADLAYOUT="RT_1ln_3m_50km/h" OFFSETSTART="-6m">
	<BEZIER />
	</LINK>
	<LINK NAME="L_C3b-A3b" NODESTART="N_C3b" NODEEND="N_A3b" ROADLAYOUT="RT_2ln_3m_50km/h">
	<STRAIGHT />
	</LINK>
	<LINK NAME="L_C3b-B3b" NODESTART="N_C3b" NODEEND="N_B3b" ROADLAYOUT="RT_1ln_3m_50km/h" OFFSETSTART="3m">
	<BEZIER />
	</LINK>
	// VAN B
	<LINK NAME="L_B3a-C3a" NODESTART="N_B3a" NODEEND="N_C3a" ROADLAYOUT="RT_1ln_3m_50km/h" OFFSETSTART="-3m" OFFSETEND="-3m">
	<BEZIER />
	</LINK>
	<LINK NAME="L_B3a-D3a" NODESTART="N_B3a" NODEEND="N_D3a" ROADLAYOUT="RT_1ln_3m_50km/h">
	<STRAIGHT />
	</LINK>
	<LINK NAME="L_B3a-A3b" NODESTART="N_B3a" NODEEND="N_A3b" ROADLAYOUT="RT_1ln_3m_50km/h" OFFSETSTART="3m">
	<BEZIER />
	</LINK>

// KRUISPUNT RECHTS
	

// TOEVOERLINKS
	// E
	<LINK NAME="L_E1a-E2a" NODESTART="N_E1a" NODEEND="N_E2a" ROADLAYOUT="RT_2ln_3m_50km/h">
		<STRAIGHT />
	</LINK>
	<LINK NAME="L_E2a-E3a" NODESTART="N_E2a" NODEEND="N_E3a" ROADLAYOUT="RT_3ln_3m_50km/h" OFFSETSTART="3m" OFFSETEND="3m">
		<STRAIGHT />
	</LINK>
	// F
	<LINK NAME="L_F1a-F2a" NODESTART="N_F1a" NODEEND="N_F2a" ROADLAYOUT="RT_1ln_3m_50km/h">
		<STRAIGHT />
	</LINK>
	<LINK NAME="L_F2a-F3a" NODESTART="N_F2a" NODEEND="N_F3a" ROADLAYOUT="RT_3ln_3m_50km/h" OFFSETSTART="3m" OFFSETEND="3m">
		<STRAIGHT />
	</LINK>
	// G
	<LINK NAME="L_G1b-G2b" NODESTART="N_G1b" NODEEND="N_G2b" ROADLAYOUT="RT_1ln_3m_50km/h">
	<STRAIGHT />
	</LINK>
	<LINK NAME="L_G2b-G3b" NODESTART="N_G2b" NODEEND="N_G3b" ROADLAYOUT="RT_4ln_3m_50km/h" OFFSETSTART="3m" OFFSETEND="3m">
		<STRAIGHT />
	</LINK>
	// H
	<LINK NAME="L_H1b-H2b" NODESTART="N_H1b" NODEEND="N_H2b" ROADLAYOUT="RT_1ln_3m_50km/h">
	<STRAIGHT />
	</LINK>
	<LINK NAME="L_H2b-H3b" NODESTART="N_H2b" NODEEND="N_H3b" ROADLAYOUT="RT_2ln_3m_50km/h" OFFSETSTART="3m" OFFSETEND="3m">
		<STRAIGHT />
	</LINK>

// AFVOERLINKS
	// E
	<LINK NAME="L_E3b-C2b" NODESTART="N_E3b" NODEEND="N_C2b" ROADLAYOUT="RT_2ln_3m_50km/h">
	<STRAIGHT />
	</LINK>
	// F
	<LINK NAME="L_F3b-F1b" NODESTART="N_F3b" NODEEND="N_F1b" ROADLAYOUT="RT_1ln_3m_50km/h">
	<STRAIGHT />
	</LINK>
	// G
	<LINK NAME="L_G3a-G1a" NODESTART="N_G3a" NODEEND="N_G1a" ROADLAYOUT="RT_2ln_3m_50km/h">
	<STRAIGHT />
	</LINK>
	// H
	<LINK NAME="L_H3a-H1a" NODESTART="N_H3a" NODEEND="N_H1a" ROADLAYOUT="RT_1ln_3m_50km/h">
	<STRAIGHT />
	</LINK>


// KRUISPUNTLINKS
	// VAN E
	<LINK NAME="L_E3a-F3b" NODESTART="N_E3a" NODEEND="N_F3b" ROADLAYOUT="RT_1ln_3m_50km/h" OFFSETSTART="-3m">
	<BEZIER />
	</LINK>
	<LINK NAME="L_E3a-G3a" NODESTART="N_E3a" NODEEND="N_G3a" ROADLAYOUT="RT_2ln_3m_50km/h">
	<STRAIGHT />
	</LINK>
	<LINK NAME="L_E3a-H3a" NODESTART="N_E3a" NODEEND="N_H3a" ROADLAYOUT="RT_1ln_3m_50km/h" OFFSETSTART="3m">
	<BEZIER />
	</LINK>
	// VAN H
	<LINK NAME="L_H3b-F3b" NODESTART="N_H3b" NODEEND="N_E3b" ROADLAYOUT="RT_1ln_3m_50km/h" OFFSETEND="-3m">
	<BEZIER />
	</LINK>
	<LINK NAME="L_H3b-G3b" NODESTART="N_H3b" NODEEND="N_F3b" ROADLAYOUT="RT_1ln_3m_50km/h">
	<STRAIGHT />
	</LINK>
	<LINK NAME="L_H3b-H3a" NODESTART="N_H3b" NODEEND="N_G3a" ROADLAYOUT="RT_1ln_3m_50km/h" OFFSETSTART="3m">
	<BEZIER />
	</LINK>
	// VAN G
	<LINK NAME="L_G3b-H3a" NODESTART="N_G3b" NODEEND="N_H3a" ROADLAYOUT="RT_1ln_3m_50km/h" OFFSETSTART="-6m">
	<BEZIER />
	</LINK>
	<LINK NAME="L_G3b-E3b" NODESTART="N_G3b" NODEEND="N_E3b" ROADLAYOUT="RT_2ln_3m_50km/h">
	<STRAIGHT />
	</LINK>
	<LINK NAME="L_G3b-F3b" NODESTART="N_G3b" NODEEND="N_F3b" ROADLAYOUT="RT_1ln_3m_50km/h" OFFSETSTART="3m">
	<BEZIER />
	</LINK>
	// VAN F
	<LINK NAME="L_F3a-G3a" NODESTART="N_F3a" NODEEND="N_G3a" ROADLAYOUT="RT_1ln_3m_50km/h" OFFSETSTART="-3m" OFFSETEND="-3m">
	<BEZIER />
	</LINK>
	<LINK NAME="L_F3a-H3a" NODESTART="N_F3a" NODEEND="N_H3a" ROADLAYOUT="RT_1ln_3m_50km/h">
	<STRAIGHT />
	</LINK>
	<LINK NAME="L_F3a-E3b" NODESTART="N_F3a" NODEEND="N_E3b" ROADLAYOUT="RT_1ln_3m_50km/h" OFFSETSTART="3m">
	<BEZIER />
	</LINK>

</NETWORK>